# Logfile created on 2014-02-12 16:31:57 -0600 by logger.rb/44203
I, [2014-02-12T16:31:57.605490 #2931]  INFO -- : 0:  rake (10.1.1) from /Users/danshiff/.rvm/gems/ruby-2.1.0/specifications/rake-10.1.1.gemspec
I, [2014-02-12T16:31:57.605787 #2931]  INFO -- : 0:  i18n (0.6.9) from /Users/danshiff/.rvm/gems/ruby-2.1.0/specifications/i18n-0.6.9.gemspec
I, [2014-02-12T16:31:57.605988 #2931]  INFO -- : 0:  minitest (4.7.5) from /Users/danshiff/.rvm/rubies/ruby-2.1.0/lib/ruby/gems/2.1.0/specifications/default/minitest-4.7.5.gemspec
I, [2014-02-12T16:31:57.606195 #2931]  INFO -- : 0:  multi_json (1.8.4) from /Users/danshiff/.rvm/gems/ruby-2.1.0/specifications/multi_json-1.8.4.gemspec
I, [2014-02-12T16:31:57.606389 #2931]  INFO -- : 0:  atomic (1.1.14) from /Users/danshiff/.rvm/gems/ruby-2.1.0/specifications/atomic-1.1.14.gemspec
I, [2014-02-12T16:31:57.606582 #2931]  INFO -- : 0:  thread_safe (0.1.3) from /Users/danshiff/.rvm/gems/ruby-2.1.0/specifications/thread_safe-0.1.3.gemspec
I, [2014-02-12T16:31:57.606773 #2931]  INFO -- : 0:  tzinfo (0.3.38) from /Users/danshiff/.rvm/gems/ruby-2.1.0/specifications/tzinfo-0.3.38.gemspec
I, [2014-02-12T16:31:57.606965 #2931]  INFO -- : 0:  activesupport (4.0.2) from /Users/danshiff/.rvm/gems/ruby-2.1.0/specifications/activesupport-4.0.2.gemspec
I, [2014-02-12T16:31:57.607155 #2931]  INFO -- : 0:  builder (3.1.4) from /Users/danshiff/.rvm/gems/ruby-2.1.0/specifications/builder-3.1.4.gemspec
I, [2014-02-12T16:31:57.607441 #2931]  INFO -- : 0:  erubis (2.7.0) from /Users/danshiff/.rvm/gems/ruby-2.1.0/specifications/erubis-2.7.0.gemspec
I, [2014-02-12T16:31:57.607802 #2931]  INFO -- : 0:  rack (1.5.2) from /Users/danshiff/.rvm/gems/ruby-2.1.0/specifications/rack-1.5.2.gemspec
I, [2014-02-12T16:31:57.608143 #2931]  INFO -- : 0:  rack-test (0.6.2) from /Users/danshiff/.rvm/gems/ruby-2.1.0/specifications/rack-test-0.6.2.gemspec
I, [2014-02-12T16:31:57.608495 #2931]  INFO -- : 0:  actionpack (4.0.2) from /Users/danshiff/.rvm/gems/ruby-2.1.0/specifications/actionpack-4.0.2.gemspec
I, [2014-02-12T16:31:57.608833 #2931]  INFO -- : 0:  mime-types (1.25.1) from /Users/danshiff/.rvm/gems/ruby-2.1.0/specifications/mime-types-1.25.1.gemspec
I, [2014-02-12T16:31:57.609166 #2931]  INFO -- : 0:  polyglot (0.3.3) from /Users/danshiff/.rvm/gems/ruby-2.1.0/specifications/polyglot-0.3.3.gemspec
I, [2014-02-12T16:31:57.609499 #2931]  INFO -- : 0:  treetop (1.4.15) from /Users/danshiff/.rvm/gems/ruby-2.1.0/specifications/treetop-1.4.15.gemspec
I, [2014-02-12T16:31:57.609828 #2931]  INFO -- : 0:  mail (2.5.4) from /Users/danshiff/.rvm/gems/ruby-2.1.0/specifications/mail-2.5.4.gemspec
I, [2014-02-12T16:31:57.610165 #2931]  INFO -- : 0:  actionmailer (4.0.2) from /Users/danshiff/.rvm/gems/ruby-2.1.0/specifications/actionmailer-4.0.2.gemspec
I, [2014-02-12T16:31:57.610499 #2931]  INFO -- : 0:  activemodel (4.0.2) from /Users/danshiff/.rvm/gems/ruby-2.1.0/specifications/activemodel-4.0.2.gemspec
I, [2014-02-12T16:31:57.610830 #2931]  INFO -- : 0:  activerecord-deprecated_finders (1.0.3) from /Users/danshiff/.rvm/gems/ruby-2.1.0/specifications/activerecord-deprecated_finders-1.0.3.gemspec
I, [2014-02-12T16:31:57.611149 #2931]  INFO -- : 0:  arel (4.0.2) from /Users/danshiff/.rvm/gems/ruby-2.1.0/specifications/arel-4.0.2.gemspec
I, [2014-02-12T16:31:57.611488 #2931]  INFO -- : 0:  activerecord (4.0.2) from /Users/danshiff/.rvm/gems/ruby-2.1.0/specifications/activerecord-4.0.2.gemspec
I, [2014-02-12T16:31:57.611807 #2931]  INFO -- : 0:  bundler (1.5.1) from /Users/danshiff/.rvm/gems/ruby-2.1.0@global/specifications/bundler-1.5.1.gemspec
I, [2014-02-12T16:31:57.612146 #2931]  INFO -- : 0:  coffee-script-source (1.7.0) from /Users/danshiff/.rvm/gems/ruby-2.1.0/specifications/coffee-script-source-1.7.0.gemspec
I, [2014-02-12T16:31:57.612472 #2931]  INFO -- : 0:  execjs (2.0.2) from /Users/danshiff/.rvm/gems/ruby-2.1.0/specifications/execjs-2.0.2.gemspec
I, [2014-02-12T16:31:57.612807 #2931]  INFO -- : 0:  coffee-script (2.2.0) from /Users/danshiff/.rvm/gems/ruby-2.1.0/specifications/coffee-script-2.2.0.gemspec
I, [2014-02-12T16:31:57.613138 #2931]  INFO -- : 0:  thor (0.18.1) from /Users/danshiff/.rvm/gems/ruby-2.1.0/specifications/thor-0.18.1.gemspec
I, [2014-02-12T16:31:57.613495 #2931]  INFO -- : 0:  railties (4.0.2) from /Users/danshiff/.rvm/gems/ruby-2.1.0/specifications/railties-4.0.2.gemspec
I, [2014-02-12T16:31:57.613837 #2931]  INFO -- : 0:  coffee-rails (4.0.1) from /Users/danshiff/.rvm/gems/ruby-2.1.0/specifications/coffee-rails-4.0.1.gemspec
I, [2014-02-12T16:31:57.614170 #2931]  INFO -- : 0:  hike (1.2.3) from /Users/danshiff/.rvm/gems/ruby-2.1.0/specifications/hike-1.2.3.gemspec
I, [2014-02-12T16:31:57.614488 #2931]  INFO -- : 0:  jbuilder (1.5.3) from /Users/danshiff/.rvm/gems/ruby-2.1.0/specifications/jbuilder-1.5.3.gemspec
I, [2014-02-12T16:31:57.614826 #2931]  INFO -- : 0:  jquery-rails (3.1.0) from /Users/danshiff/.rvm/gems/ruby-2.1.0/specifications/jquery-rails-3.1.0.gemspec
I, [2014-02-12T16:31:57.615146 #2931]  INFO -- : 0:  json (1.8.1) from /Users/danshiff/.rvm/rubies/ruby-2.1.0/lib/ruby/gems/2.1.0/specifications/default/json-1.8.1.gemspec
I, [2014-02-12T16:31:57.615485 #2931]  INFO -- : 0:  tilt (1.4.1) from /Users/danshiff/.rvm/gems/ruby-2.1.0/specifications/tilt-1.4.1.gemspec
I, [2014-02-12T16:31:57.615826 #2931]  INFO -- : 0:  sprockets (2.10.1) from /Users/danshiff/.rvm/gems/ruby-2.1.0/specifications/sprockets-2.10.1.gemspec
I, [2014-02-12T16:31:57.616171 #2931]  INFO -- : 0:  sprockets-rails (2.0.1) from /Users/danshiff/.rvm/gems/ruby-2.1.0/specifications/sprockets-rails-2.0.1.gemspec
I, [2014-02-12T16:31:57.616524 #2931]  INFO -- : 0:  rails (4.0.2) from /Users/danshiff/.rvm/gems/ruby-2.1.0/specifications/rails-4.0.2.gemspec
I, [2014-02-12T16:31:57.616865 #2931]  INFO -- : 0:  rdoc (4.1.1) from /Users/danshiff/.rvm/gems/ruby-2.1.0/specifications/rdoc-4.1.1.gemspec
I, [2014-02-12T16:31:57.617225 #2931]  INFO -- : 0:  sass (3.2.14) from /Users/danshiff/.rvm/gems/ruby-2.1.0/specifications/sass-3.2.14.gemspec
I, [2014-02-12T16:31:57.617605 #2931]  INFO -- : 0:  sass-rails (4.0.1) from /Users/danshiff/.rvm/gems/ruby-2.1.0/specifications/sass-rails-4.0.1.gemspec
I, [2014-02-12T16:31:57.617968 #2931]  INFO -- : 0:  sdoc (0.4.0) from /Users/danshiff/.rvm/gems/ruby-2.1.0/specifications/sdoc-0.4.0.gemspec
I, [2014-02-12T16:31:57.618318 #2931]  INFO -- : 0:  sqlite3 (1.3.8) from /Users/danshiff/.rvm/gems/ruby-2.1.0/specifications/sqlite3-1.3.8.gemspec
I, [2014-02-12T16:31:57.618677 #2931]  INFO -- : 0:  turbolinks (2.2.1) from /Users/danshiff/.rvm/gems/ruby-2.1.0/specifications/turbolinks-2.2.1.gemspec
I, [2014-02-12T16:31:57.619029 #2931]  INFO -- : 0:  uglifier (2.4.0) from /Users/danshiff/.rvm/gems/ruby-2.1.0/specifications/uglifier-2.4.0.gemspec
