# Logfile created on 2014-02-27 19:02:50 -0600 by logger.rb/44203
I, [2014-02-27T19:02:50.138145 #3765]  INFO -- : 0:  rake (10.1.1) from /Users/mas210/.rvm/gems/ruby-2.1.0/specifications/rake-10.1.1.gemspec
I, [2014-02-27T19:02:50.138459 #3765]  INFO -- : 0:  i18n (0.6.9) from /Users/mas210/.rvm/gems/ruby-2.1.0/specifications/i18n-0.6.9.gemspec
I, [2014-02-27T19:02:50.138664 #3765]  INFO -- : 0:  minitest (4.7.5) from /Users/mas210/.rvm/rubies/ruby-2.1.0/lib/ruby/gems/2.1.0/specifications/default/minitest-4.7.5.gemspec
I, [2014-02-27T19:02:50.138878 #3765]  INFO -- : 0:  multi_json (1.8.4) from /Users/mas210/.rvm/gems/ruby-2.1.0/specifications/multi_json-1.8.4.gemspec
I, [2014-02-27T19:02:50.139076 #3765]  INFO -- : 0:  atomic (1.1.14) from /Users/mas210/.rvm/gems/ruby-2.1.0/specifications/atomic-1.1.14.gemspec
I, [2014-02-27T19:02:50.139278 #3765]  INFO -- : 0:  thread_safe (0.1.3) from /Users/mas210/.rvm/gems/ruby-2.1.0/specifications/thread_safe-0.1.3.gemspec
I, [2014-02-27T19:02:50.139477 #3765]  INFO -- : 0:  tzinfo (0.3.38) from /Users/mas210/.rvm/gems/ruby-2.1.0/specifications/tzinfo-0.3.38.gemspec
I, [2014-02-27T19:02:50.139681 #3765]  INFO -- : 0:  activesupport (4.0.2) from /Users/mas210/.rvm/gems/ruby-2.1.0/specifications/activesupport-4.0.2.gemspec
I, [2014-02-27T19:02:50.139879 #3765]  INFO -- : 0:  builder (3.1.4) from /Users/mas210/.rvm/gems/ruby-2.1.0/specifications/builder-3.1.4.gemspec
I, [2014-02-27T19:02:50.140076 #3765]  INFO -- : 0:  erubis (2.7.0) from /Users/mas210/.rvm/gems/ruby-2.1.0/specifications/erubis-2.7.0.gemspec
I, [2014-02-27T19:02:50.140272 #3765]  INFO -- : 0:  rack (1.5.2) from /Users/mas210/.rvm/gems/ruby-2.1.0/specifications/rack-1.5.2.gemspec
I, [2014-02-27T19:02:50.140468 #3765]  INFO -- : 0:  rack-test (0.6.2) from /Users/mas210/.rvm/gems/ruby-2.1.0/specifications/rack-test-0.6.2.gemspec
I, [2014-02-27T19:02:50.140670 #3765]  INFO -- : 0:  actionpack (4.0.2) from /Users/mas210/.rvm/gems/ruby-2.1.0/specifications/actionpack-4.0.2.gemspec
I, [2014-02-27T19:02:50.140865 #3765]  INFO -- : 0:  mime-types (1.25.1) from /Users/mas210/.rvm/gems/ruby-2.1.0/specifications/mime-types-1.25.1.gemspec
I, [2014-02-27T19:02:50.141062 #3765]  INFO -- : 0:  polyglot (0.3.3) from /Users/mas210/.rvm/gems/ruby-2.1.0/specifications/polyglot-0.3.3.gemspec
I, [2014-02-27T19:02:50.141251 #3765]  INFO -- : 0:  treetop (1.4.15) from /Users/mas210/.rvm/gems/ruby-2.1.0/specifications/treetop-1.4.15.gemspec
I, [2014-02-27T19:02:50.141444 #3765]  INFO -- : 0:  mail (2.5.4) from /Users/mas210/.rvm/gems/ruby-2.1.0/specifications/mail-2.5.4.gemspec
I, [2014-02-27T19:02:50.141643 #3765]  INFO -- : 0:  actionmailer (4.0.2) from /Users/mas210/.rvm/gems/ruby-2.1.0/specifications/actionmailer-4.0.2.gemspec
I, [2014-02-27T19:02:50.141843 #3765]  INFO -- : 0:  activemodel (4.0.2) from /Users/mas210/.rvm/gems/ruby-2.1.0/specifications/activemodel-4.0.2.gemspec
I, [2014-02-27T19:02:50.142040 #3765]  INFO -- : 0:  activerecord-deprecated_finders (1.0.3) from /Users/mas210/.rvm/gems/ruby-2.1.0/specifications/activerecord-deprecated_finders-1.0.3.gemspec
I, [2014-02-27T19:02:50.142237 #3765]  INFO -- : 0:  arel (4.0.1) from /Users/mas210/.rvm/gems/ruby-2.1.0/specifications/arel-4.0.1.gemspec
I, [2014-02-27T19:02:50.142440 #3765]  INFO -- : 0:  activerecord (4.0.2) from /Users/mas210/.rvm/gems/ruby-2.1.0/specifications/activerecord-4.0.2.gemspec
I, [2014-02-27T19:02:52.269537 #3765]  INFO -- : 0:  bcrypt-ruby (3.1.2) from /Users/mas210/.rvm/gems/ruby-2.1.0/specifications/bcrypt-ruby-3.1.2.gemspec
I, [2014-02-27T19:02:52.270040 #3765]  INFO -- : 0:  coderay (1.1.0) from /Users/mas210/.rvm/gems/ruby-2.1.0/specifications/coderay-1.1.0.gemspec
I, [2014-02-27T19:02:52.270292 #3765]  INFO -- : 0:  better_errors (1.0.1) from /Users/mas210/.rvm/gems/ruby-2.1.0/specifications/better_errors-1.0.1.gemspec
I, [2014-02-27T19:02:52.270606 #3765]  INFO -- : 0:  debug_inspector (0.0.2) from /Users/mas210/.rvm/gems/ruby-2.1.0/specifications/debug_inspector-0.0.2.gemspec
I, [2014-02-27T19:02:52.270833 #3765]  INFO -- : 0:  binding_of_caller (0.7.2) from /Users/mas210/.rvm/gems/ruby-2.1.0/specifications/binding_of_caller-0.7.2.gemspec
I, [2014-02-27T19:02:52.271147 #3765]  INFO -- : 0:  coffee-script-source (1.7.0) from /Users/mas210/.rvm/gems/ruby-2.1.0/specifications/coffee-script-source-1.7.0.gemspec
I, [2014-02-27T19:02:52.271378 #3765]  INFO -- : 0:  execjs (2.0.2) from /Users/mas210/.rvm/gems/ruby-2.1.0/specifications/execjs-2.0.2.gemspec
I, [2014-02-27T19:02:52.271608 #3765]  INFO -- : 0:  coffee-script (2.2.0) from /Users/mas210/.rvm/gems/ruby-2.1.0/specifications/coffee-script-2.2.0.gemspec
I, [2014-02-27T19:02:52.271859 #3765]  INFO -- : 0:  thor (0.18.1) from /Users/mas210/.rvm/gems/ruby-2.1.0/specifications/thor-0.18.1.gemspec
I, [2014-02-27T19:02:52.272086 #3765]  INFO -- : 0:  railties (4.0.2) from /Users/mas210/.rvm/gems/ruby-2.1.0/specifications/railties-4.0.2.gemspec
I, [2014-02-27T19:02:52.272327 #3765]  INFO -- : 0:  coffee-rails (4.0.1) from /Users/mas210/.rvm/gems/ruby-2.1.0/specifications/coffee-rails-4.0.1.gemspec
I, [2014-02-27T19:02:52.272555 #3765]  INFO -- : 0:  hike (1.2.3) from /Users/mas210/.rvm/gems/ruby-2.1.0/specifications/hike-1.2.3.gemspec
I, [2014-02-27T19:02:52.272782 #3765]  INFO -- : 0:  jbuilder (1.5.3) from /Users/mas210/.rvm/gems/ruby-2.1.0/specifications/jbuilder-1.5.3.gemspec
I, [2014-02-27T19:02:52.273074 #3765]  INFO -- : 0:  jquery-rails (3.1.0) from /Users/mas210/.rvm/gems/ruby-2.1.0/specifications/jquery-rails-3.1.0.gemspec
I, [2014-02-27T19:02:52.273285 #3765]  INFO -- : 0:  json (1.8.1) from /Users/mas210/.rvm/rubies/ruby-2.1.0/lib/ruby/gems/2.1.0/specifications/default/json-1.8.1.gemspec
I, [2014-02-27T19:02:52.273524 #3765]  INFO -- : 0:  quiet_assets (1.0.2) from /Users/mas210/.rvm/gems/ruby-2.1.0/specifications/quiet_assets-1.0.2.gemspec
I, [2014-02-27T19:02:52.273731 #3765]  INFO -- : 0:  bundler (1.5.1) from /Users/mas210/.rvm/gems/ruby-2.1.0@global/specifications/bundler-1.5.1.gemspec
I, [2014-02-27T19:02:52.273955 #3765]  INFO -- : 0:  tilt (1.4.1) from /Users/mas210/.rvm/gems/ruby-2.1.0/specifications/tilt-1.4.1.gemspec
I, [2014-02-27T19:02:52.274178 #3765]  INFO -- : 0:  sprockets (2.10.1) from /Users/mas210/.rvm/gems/ruby-2.1.0/specifications/sprockets-2.10.1.gemspec
I, [2014-02-27T19:02:52.274411 #3765]  INFO -- : 0:  sprockets-rails (2.0.1) from /Users/mas210/.rvm/gems/ruby-2.1.0/specifications/sprockets-rails-2.0.1.gemspec
I, [2014-02-27T19:02:52.274637 #3765]  INFO -- : 0:  rails (4.0.2) from /Users/mas210/.rvm/gems/ruby-2.1.0/specifications/rails-4.0.2.gemspec
I, [2014-02-27T19:02:52.274892 #3765]  INFO -- : 0:  rdoc (4.1.1) from /Users/mas210/.rvm/gems/ruby-2.1.0/specifications/rdoc-4.1.1.gemspec
I, [2014-02-27T19:02:52.275113 #3765]  INFO -- : 0:  sass (3.2.14) from /Users/mas210/.rvm/gems/ruby-2.1.0/specifications/sass-3.2.14.gemspec
I, [2014-02-27T19:02:52.275347 #3765]  INFO -- : 0:  sass-rails (4.0.1) from /Users/mas210/.rvm/gems/ruby-2.1.0/specifications/sass-rails-4.0.1.gemspec
I, [2014-02-27T19:02:52.275561 #3765]  INFO -- : 0:  sdoc (0.4.0) from /Users/mas210/.rvm/gems/ruby-2.1.0/specifications/sdoc-0.4.0.gemspec
I, [2014-02-27T19:02:52.275780 #3765]  INFO -- : 0:  sqlite3 (1.3.8) from /Users/mas210/.rvm/gems/ruby-2.1.0/specifications/sqlite3-1.3.8.gemspec
I, [2014-02-27T19:02:52.275999 #3765]  INFO -- : 0:  starter_generators (0.9.6) from /Users/mas210/.rvm/gems/ruby-2.1.0/specifications/starter_generators-0.9.6.gemspec
I, [2014-02-27T19:02:52.276223 #3765]  INFO -- : 0:  turbolinks (2.2.1) from /Users/mas210/.rvm/gems/ruby-2.1.0/specifications/turbolinks-2.2.1.gemspec
I, [2014-02-27T19:02:52.276454 #3765]  INFO -- : 0:  uglifier (2.4.0) from /Users/mas210/.rvm/gems/ruby-2.1.0/specifications/uglifier-2.4.0.gemspec
I, [2014-02-27T19:38:06.980646 #4147]  INFO -- : 0:  rake (10.1.1) from /Users/mas210/.rvm/gems/ruby-2.1.0/specifications/rake-10.1.1.gemspec
I, [2014-02-27T19:38:06.981317 #4147]  INFO -- : 0:  i18n (0.6.9) from /Users/mas210/.rvm/gems/ruby-2.1.0/specifications/i18n-0.6.9.gemspec
I, [2014-02-27T19:38:06.981621 #4147]  INFO -- : 0:  minitest (4.7.5) from /Users/mas210/.rvm/rubies/ruby-2.1.0/lib/ruby/gems/2.1.0/specifications/default/minitest-4.7.5.gemspec
I, [2014-02-27T19:38:06.981910 #4147]  INFO -- : 0:  multi_json (1.8.4) from /Users/mas210/.rvm/gems/ruby-2.1.0/specifications/multi_json-1.8.4.gemspec
I, [2014-02-27T19:38:06.982177 #4147]  INFO -- : 0:  atomic (1.1.14) from /Users/mas210/.rvm/gems/ruby-2.1.0/specifications/atomic-1.1.14.gemspec
I, [2014-02-27T19:38:06.982428 #4147]  INFO -- : 0:  thread_safe (0.1.3) from /Users/mas210/.rvm/gems/ruby-2.1.0/specifications/thread_safe-0.1.3.gemspec
I, [2014-02-27T19:38:06.982688 #4147]  INFO -- : 0:  tzinfo (0.3.38) from /Users/mas210/.rvm/gems/ruby-2.1.0/specifications/tzinfo-0.3.38.gemspec
I, [2014-02-27T19:38:06.982963 #4147]  INFO -- : 0:  activesupport (4.0.2) from /Users/mas210/.rvm/gems/ruby-2.1.0/specifications/activesupport-4.0.2.gemspec
I, [2014-02-27T19:38:06.983217 #4147]  INFO -- : 0:  builder (3.1.4) from /Users/mas210/.rvm/gems/ruby-2.1.0/specifications/builder-3.1.4.gemspec
I, [2014-02-27T19:38:06.983476 #4147]  INFO -- : 0:  erubis (2.7.0) from /Users/mas210/.rvm/gems/ruby-2.1.0/specifications/erubis-2.7.0.gemspec
I, [2014-02-27T19:38:06.983783 #4147]  INFO -- : 0:  rack (1.5.2) from /Users/mas210/.rvm/gems/ruby-2.1.0/specifications/rack-1.5.2.gemspec
I, [2014-02-27T19:38:06.984064 #4147]  INFO -- : 0:  rack-test (0.6.2) from /Users/mas210/.rvm/gems/ruby-2.1.0/specifications/rack-test-0.6.2.gemspec
I, [2014-02-27T19:38:06.984331 #4147]  INFO -- : 0:  actionpack (4.0.2) from /Users/mas210/.rvm/gems/ruby-2.1.0/specifications/actionpack-4.0.2.gemspec
I, [2014-02-27T19:38:06.984587 #4147]  INFO -- : 0:  mime-types (1.25.1) from /Users/mas210/.rvm/gems/ruby-2.1.0/specifications/mime-types-1.25.1.gemspec
I, [2014-02-27T19:38:06.984851 #4147]  INFO -- : 0:  polyglot (0.3.3) from /Users/mas210/.rvm/gems/ruby-2.1.0/specifications/polyglot-0.3.3.gemspec
I, [2014-02-27T19:38:06.985145 #4147]  INFO -- : 0:  treetop (1.4.15) from /Users/mas210/.rvm/gems/ruby-2.1.0/specifications/treetop-1.4.15.gemspec
I, [2014-02-27T19:38:06.985393 #4147]  INFO -- : 0:  mail (2.5.4) from /Users/mas210/.rvm/gems/ruby-2.1.0/specifications/mail-2.5.4.gemspec
I, [2014-02-27T19:38:06.985659 #4147]  INFO -- : 0:  actionmailer (4.0.2) from /Users/mas210/.rvm/gems/ruby-2.1.0/specifications/actionmailer-4.0.2.gemspec
I, [2014-02-27T19:38:06.985925 #4147]  INFO -- : 0:  activemodel (4.0.2) from /Users/mas210/.rvm/gems/ruby-2.1.0/specifications/activemodel-4.0.2.gemspec
I, [2014-02-27T19:38:06.986188 #4147]  INFO -- : 0:  activerecord-deprecated_finders (1.0.3) from /Users/mas210/.rvm/gems/ruby-2.1.0/specifications/activerecord-deprecated_finders-1.0.3.gemspec
I, [2014-02-27T19:38:06.986448 #4147]  INFO -- : 0:  arel (4.0.1) from /Users/mas210/.rvm/gems/ruby-2.1.0/specifications/arel-4.0.1.gemspec
I, [2014-02-27T19:38:06.986714 #4147]  INFO -- : 0:  activerecord (4.0.2) from /Users/mas210/.rvm/gems/ruby-2.1.0/specifications/activerecord-4.0.2.gemspec
I, [2014-02-27T19:38:06.986981 #4147]  INFO -- : 0:  bcrypt-ruby (3.1.2) from /Users/mas210/.rvm/gems/ruby-2.1.0/specifications/bcrypt-ruby-3.1.2.gemspec
I, [2014-02-27T19:38:06.987250 #4147]  INFO -- : 0:  coderay (1.1.0) from /Users/mas210/.rvm/gems/ruby-2.1.0/specifications/coderay-1.1.0.gemspec
I, [2014-02-27T19:38:06.987518 #4147]  INFO -- : 0:  better_errors (1.0.1) from /Users/mas210/.rvm/gems/ruby-2.1.0/specifications/better_errors-1.0.1.gemspec
I, [2014-02-27T19:38:06.987782 #4147]  INFO -- : 0:  debug_inspector (0.0.2) from /Users/mas210/.rvm/gems/ruby-2.1.0/specifications/debug_inspector-0.0.2.gemspec
I, [2014-02-27T19:38:06.988046 #4147]  INFO -- : 0:  binding_of_caller (0.7.2) from /Users/mas210/.rvm/gems/ruby-2.1.0/specifications/binding_of_caller-0.7.2.gemspec
I, [2014-02-27T19:38:06.988318 #4147]  INFO -- : 0:  coffee-script-source (1.7.0) from /Users/mas210/.rvm/gems/ruby-2.1.0/specifications/coffee-script-source-1.7.0.gemspec
I, [2014-02-27T19:38:06.988586 #4147]  INFO -- : 0:  execjs (2.0.2) from /Users/mas210/.rvm/gems/ruby-2.1.0/specifications/execjs-2.0.2.gemspec
I, [2014-02-27T19:38:06.988851 #4147]  INFO -- : 0:  coffee-script (2.2.0) from /Users/mas210/.rvm/gems/ruby-2.1.0/specifications/coffee-script-2.2.0.gemspec
I, [2014-02-27T19:38:06.989113 #4147]  INFO -- : 0:  thor (0.18.1) from /Users/mas210/.rvm/gems/ruby-2.1.0/specifications/thor-0.18.1.gemspec
I, [2014-02-27T19:38:06.989391 #4147]  INFO -- : 0:  railties (4.0.2) from /Users/mas210/.rvm/gems/ruby-2.1.0/specifications/railties-4.0.2.gemspec
I, [2014-02-27T19:38:06.989666 #4147]  INFO -- : 0:  coffee-rails (4.0.1) from /Users/mas210/.rvm/gems/ruby-2.1.0/specifications/coffee-rails-4.0.1.gemspec
I, [2014-02-27T19:38:06.989942 #4147]  INFO -- : 0:  hike (1.2.3) from /Users/mas210/.rvm/gems/ruby-2.1.0/specifications/hike-1.2.3.gemspec
I, [2014-02-27T19:38:06.990217 #4147]  INFO -- : 0:  jbuilder (1.5.3) from /Users/mas210/.rvm/gems/ruby-2.1.0/specifications/jbuilder-1.5.3.gemspec
I, [2014-02-27T19:38:06.990475 #4147]  INFO -- : 0:  jquery-rails (3.1.0) from /Users/mas210/.rvm/gems/ruby-2.1.0/specifications/jquery-rails-3.1.0.gemspec
I, [2014-02-27T19:38:06.990725 #4147]  INFO -- : 0:  json (1.8.1) from /Users/mas210/.rvm/rubies/ruby-2.1.0/lib/ruby/gems/2.1.0/specifications/default/json-1.8.1.gemspec
I, [2014-02-27T19:38:06.990978 #4147]  INFO -- : 0:  quiet_assets (1.0.2) from /Users/mas210/.rvm/gems/ruby-2.1.0/specifications/quiet_assets-1.0.2.gemspec
I, [2014-02-27T19:38:06.991232 #4147]  INFO -- : 0:  bundler (1.5.1) from /Users/mas210/.rvm/gems/ruby-2.1.0@global/specifications/bundler-1.5.1.gemspec
I, [2014-02-27T19:38:06.991501 #4147]  INFO -- : 0:  tilt (1.4.1) from /Users/mas210/.rvm/gems/ruby-2.1.0/specifications/tilt-1.4.1.gemspec
I, [2014-02-27T19:38:06.991771 #4147]  INFO -- : 0:  sprockets (2.10.1) from /Users/mas210/.rvm/gems/ruby-2.1.0/specifications/sprockets-2.10.1.gemspec
I, [2014-02-27T19:38:06.992028 #4147]  INFO -- : 0:  sprockets-rails (2.0.1) from /Users/mas210/.rvm/gems/ruby-2.1.0/specifications/sprockets-rails-2.0.1.gemspec
I, [2014-02-27T19:38:06.992307 #4147]  INFO -- : 0:  rails (4.0.2) from /Users/mas210/.rvm/gems/ruby-2.1.0/specifications/rails-4.0.2.gemspec
I, [2014-02-27T19:38:06.992567 #4147]  INFO -- : 0:  rdoc (4.1.1) from /Users/mas210/.rvm/gems/ruby-2.1.0/specifications/rdoc-4.1.1.gemspec
I, [2014-02-27T19:38:06.992828 #4147]  INFO -- : 0:  sass (3.2.14) from /Users/mas210/.rvm/gems/ruby-2.1.0/specifications/sass-3.2.14.gemspec
I, [2014-02-27T19:38:06.993095 #4147]  INFO -- : 0:  sass-rails (4.0.1) from /Users/mas210/.rvm/gems/ruby-2.1.0/specifications/sass-rails-4.0.1.gemspec
I, [2014-02-27T19:38:06.993374 #4147]  INFO -- : 0:  sdoc (0.4.0) from /Users/mas210/.rvm/gems/ruby-2.1.0/specifications/sdoc-0.4.0.gemspec
I, [2014-02-27T19:38:06.993630 #4147]  INFO -- : 0:  sqlite3 (1.3.8) from /Users/mas210/.rvm/gems/ruby-2.1.0/specifications/sqlite3-1.3.8.gemspec
I, [2014-02-27T19:38:06.993906 #4147]  INFO -- : 0:  starter_generators (0.9.6) from /Users/mas210/.rvm/gems/ruby-2.1.0/specifications/starter_generators-0.9.6.gemspec
I, [2014-02-27T19:38:06.994181 #4147]  INFO -- : 0:  turbolinks (2.2.1) from /Users/mas210/.rvm/gems/ruby-2.1.0/specifications/turbolinks-2.2.1.gemspec
I, [2014-02-27T19:38:06.994445 #4147]  INFO -- : 0:  uglifier (2.4.0) from /Users/mas210/.rvm/gems/ruby-2.1.0/specifications/uglifier-2.4.0.gemspec
I, [2014-02-27T19:39:08.263696 #4247]  INFO -- : 0:  rake (10.1.1) from /Users/mas210/.rvm/gems/ruby-2.1.0/specifications/rake-10.1.1.gemspec
I, [2014-02-27T19:39:08.264196 #4247]  INFO -- : 0:  i18n (0.6.9) from /Users/mas210/.rvm/gems/ruby-2.1.0/specifications/i18n-0.6.9.gemspec
I, [2014-02-27T19:39:08.264542 #4247]  INFO -- : 0:  minitest (4.7.5) from /Users/mas210/.rvm/rubies/ruby-2.1.0/lib/ruby/gems/2.1.0/specifications/default/minitest-4.7.5.gemspec
I, [2014-02-27T19:39:08.264834 #4247]  INFO -- : 0:  multi_json (1.8.4) from /Users/mas210/.rvm/gems/ruby-2.1.0/specifications/multi_json-1.8.4.gemspec
I, [2014-02-27T19:39:08.265113 #4247]  INFO -- : 0:  atomic (1.1.14) from /Users/mas210/.rvm/gems/ruby-2.1.0/specifications/atomic-1.1.14.gemspec
I, [2014-02-27T19:39:08.265375 #4247]  INFO -- : 0:  thread_safe (0.1.3) from /Users/mas210/.rvm/gems/ruby-2.1.0/specifications/thread_safe-0.1.3.gemspec
I, [2014-02-27T19:39:08.265666 #4247]  INFO -- : 0:  tzinfo (0.3.38) from /Users/mas210/.rvm/gems/ruby-2.1.0/specifications/tzinfo-0.3.38.gemspec
I, [2014-02-27T19:39:08.265958 #4247]  INFO -- : 0:  activesupport (4.0.2) from /Users/mas210/.rvm/gems/ruby-2.1.0/specifications/activesupport-4.0.2.gemspec
I, [2014-02-27T19:39:08.266234 #4247]  INFO -- : 0:  builder (3.1.4) from /Users/mas210/.rvm/gems/ruby-2.1.0/specifications/builder-3.1.4.gemspec
I, [2014-02-27T19:39:08.266506 #4247]  INFO -- : 0:  erubis (2.7.0) from /Users/mas210/.rvm/gems/ruby-2.1.0/specifications/erubis-2.7.0.gemspec
I, [2014-02-27T19:39:08.266789 #4247]  INFO -- : 0:  rack (1.5.2) from /Users/mas210/.rvm/gems/ruby-2.1.0/specifications/rack-1.5.2.gemspec
I, [2014-02-27T19:39:08.267087 #4247]  INFO -- : 0:  rack-test (0.6.2) from /Users/mas210/.rvm/gems/ruby-2.1.0/specifications/rack-test-0.6.2.gemspec
I, [2014-02-27T19:39:08.267373 #4247]  INFO -- : 0:  actionpack (4.0.2) from /Users/mas210/.rvm/gems/ruby-2.1.0/specifications/actionpack-4.0.2.gemspec
I, [2014-02-27T19:39:08.267645 #4247]  INFO -- : 0:  mime-types (1.25.1) from /Users/mas210/.rvm/gems/ruby-2.1.0/specifications/mime-types-1.25.1.gemspec
I, [2014-02-27T19:39:08.267931 #4247]  INFO -- : 0:  polyglot (0.3.3) from /Users/mas210/.rvm/gems/ruby-2.1.0/specifications/polyglot-0.3.3.gemspec
I, [2014-02-27T19:39:08.268316 #4247]  INFO -- : 0:  treetop (1.4.15) from /Users/mas210/.rvm/gems/ruby-2.1.0/specifications/treetop-1.4.15.gemspec
I, [2014-02-27T19:39:08.268584 #4247]  INFO -- : 0:  mail (2.5.4) from /Users/mas210/.rvm/gems/ruby-2.1.0/specifications/mail-2.5.4.gemspec
I, [2014-02-27T19:39:08.268874 #4247]  INFO -- : 0:  actionmailer (4.0.2) from /Users/mas210/.rvm/gems/ruby-2.1.0/specifications/actionmailer-4.0.2.gemspec
I, [2014-02-27T19:39:08.269158 #4247]  INFO -- : 0:  activemodel (4.0.2) from /Users/mas210/.rvm/gems/ruby-2.1.0/specifications/activemodel-4.0.2.gemspec
I, [2014-02-27T19:39:08.269445 #4247]  INFO -- : 0:  activerecord-deprecated_finders (1.0.3) from /Users/mas210/.rvm/gems/ruby-2.1.0/specifications/activerecord-deprecated_finders-1.0.3.gemspec
I, [2014-02-27T19:39:08.269770 #4247]  INFO -- : 0:  arel (4.0.1) from /Users/mas210/.rvm/gems/ruby-2.1.0/specifications/arel-4.0.1.gemspec
I, [2014-02-27T19:39:08.270056 #4247]  INFO -- : 0:  activerecord (4.0.2) from /Users/mas210/.rvm/gems/ruby-2.1.0/specifications/activerecord-4.0.2.gemspec
I, [2014-02-27T19:39:08.270419 #4247]  INFO -- : 0:  bcrypt-ruby (3.1.2) from /Users/mas210/.rvm/gems/ruby-2.1.0/specifications/bcrypt-ruby-3.1.2.gemspec
I, [2014-02-27T19:39:08.270835 #4247]  INFO -- : 0:  coderay (1.1.0) from /Users/mas210/.rvm/gems/ruby-2.1.0/specifications/coderay-1.1.0.gemspec
I, [2014-02-27T19:39:08.271251 #4247]  INFO -- : 0:  better_errors (1.0.1) from /Users/mas210/.rvm/gems/ruby-2.1.0/specifications/better_errors-1.0.1.gemspec
I, [2014-02-27T19:39:08.271659 #4247]  INFO -- : 0:  debug_inspector (0.0.2) from /Users/mas210/.rvm/gems/ruby-2.1.0/specifications/debug_inspector-0.0.2.gemspec
I, [2014-02-27T19:39:08.272065 #4247]  INFO -- : 0:  binding_of_caller (0.7.2) from /Users/mas210/.rvm/gems/ruby-2.1.0/specifications/binding_of_caller-0.7.2.gemspec
I, [2014-02-27T19:39:08.272487 #4247]  INFO -- : 0:  coffee-script-source (1.7.0) from /Users/mas210/.rvm/gems/ruby-2.1.0/specifications/coffee-script-source-1.7.0.gemspec
I, [2014-02-27T19:39:08.272896 #4247]  INFO -- : 0:  execjs (2.0.2) from /Users/mas210/.rvm/gems/ruby-2.1.0/specifications/execjs-2.0.2.gemspec
I, [2014-02-27T19:39:08.273236 #4247]  INFO -- : 0:  coffee-script (2.2.0) from /Users/mas210/.rvm/gems/ruby-2.1.0/specifications/coffee-script-2.2.0.gemspec
I, [2014-02-27T19:39:08.273545 #4247]  INFO -- : 0:  thor (0.18.1) from /Users/mas210/.rvm/gems/ruby-2.1.0/specifications/thor-0.18.1.gemspec
I, [2014-02-27T19:39:08.273870 #4247]  INFO -- : 0:  railties (4.0.2) from /Users/mas210/.rvm/gems/ruby-2.1.0/specifications/railties-4.0.2.gemspec
I, [2014-02-27T19:39:08.274187 #4247]  INFO -- : 0:  coffee-rails (4.0.1) from /Users/mas210/.rvm/gems/ruby-2.1.0/specifications/coffee-rails-4.0.1.gemspec
I, [2014-02-27T19:39:08.274523 #4247]  INFO -- : 0:  hike (1.2.3) from /Users/mas210/.rvm/gems/ruby-2.1.0/specifications/hike-1.2.3.gemspec
I, [2014-02-27T19:39:08.274855 #4247]  INFO -- : 0:  jbuilder (1.5.3) from /Users/mas210/.rvm/gems/ruby-2.1.0/specifications/jbuilder-1.5.3.gemspec
I, [2014-02-27T19:39:08.275160 #4247]  INFO -- : 0:  jquery-rails (3.1.0) from /Users/mas210/.rvm/gems/ruby-2.1.0/specifications/jquery-rails-3.1.0.gemspec
I, [2014-02-27T19:39:08.275451 #4247]  INFO -- : 0:  json (1.8.1) from /Users/mas210/.rvm/rubies/ruby-2.1.0/lib/ruby/gems/2.1.0/specifications/default/json-1.8.1.gemspec
I, [2014-02-27T19:39:08.275757 #4247]  INFO -- : 0:  quiet_assets (1.0.2) from /Users/mas210/.rvm/gems/ruby-2.1.0/specifications/quiet_assets-1.0.2.gemspec
I, [2014-02-27T19:39:08.276068 #4247]  INFO -- : 0:  bundler (1.5.1) from /Users/mas210/.rvm/gems/ruby-2.1.0@global/specifications/bundler-1.5.1.gemspec
I, [2014-02-27T19:39:08.276358 #4247]  INFO -- : 0:  tilt (1.4.1) from /Users/mas210/.rvm/gems/ruby-2.1.0/specifications/tilt-1.4.1.gemspec
I, [2014-02-27T19:39:08.276663 #4247]  INFO -- : 0:  sprockets (2.10.1) from /Users/mas210/.rvm/gems/ruby-2.1.0/specifications/sprockets-2.10.1.gemspec
I, [2014-02-27T19:39:08.276970 #4247]  INFO -- : 0:  sprockets-rails (2.0.1) from /Users/mas210/.rvm/gems/ruby-2.1.0/specifications/sprockets-rails-2.0.1.gemspec
I, [2014-02-27T19:39:08.277320 #4247]  INFO -- : 0:  rails (4.0.2) from /Users/mas210/.rvm/gems/ruby-2.1.0/specifications/rails-4.0.2.gemspec
I, [2014-02-27T19:39:08.277553 #4247]  INFO -- : 0:  rdoc (4.1.1) from /Users/mas210/.rvm/gems/ruby-2.1.0/specifications/rdoc-4.1.1.gemspec
I, [2014-02-27T19:39:08.277784 #4247]  INFO -- : 0:  sass (3.2.14) from /Users/mas210/.rvm/gems/ruby-2.1.0/specifications/sass-3.2.14.gemspec
I, [2014-02-27T19:39:08.278014 #4247]  INFO -- : 0:  sass-rails (4.0.1) from /Users/mas210/.rvm/gems/ruby-2.1.0/specifications/sass-rails-4.0.1.gemspec
I, [2014-02-27T19:39:08.278258 #4247]  INFO -- : 0:  sdoc (0.4.0) from /Users/mas210/.rvm/gems/ruby-2.1.0/specifications/sdoc-0.4.0.gemspec
I, [2014-02-27T19:39:08.278476 #4247]  INFO -- : 0:  sqlite3 (1.3.8) from /Users/mas210/.rvm/gems/ruby-2.1.0/specifications/sqlite3-1.3.8.gemspec
I, [2014-02-27T19:39:08.278708 #4247]  INFO -- : 0:  starter_generators (0.9.6) from /Users/mas210/.rvm/gems/ruby-2.1.0/specifications/starter_generators-0.9.6.gemspec
I, [2014-02-27T19:39:08.278941 #4247]  INFO -- : 0:  turbolinks (2.2.1) from /Users/mas210/.rvm/gems/ruby-2.1.0/specifications/turbolinks-2.2.1.gemspec
I, [2014-02-27T19:39:08.279162 #4247]  INFO -- : 0:  uglifier (2.4.0) from /Users/mas210/.rvm/gems/ruby-2.1.0/specifications/uglifier-2.4.0.gemspec
