

Started GET "/" for 127.0.0.1 at 2014-02-27 19:03:11 -0600

ActiveRecord::PendingMigrationError - Migrations are pending; run 'bin/rake db:migrate RAILS_ENV=development' to resolve this issue.:
  activerecord (4.0.2) lib/active_record/migration.rb:379:in `check_pending!'
  activerecord (4.0.2) lib/active_record/migration.rb:366:in `call'
  actionpack (4.0.2) lib/action_dispatch/middleware/callbacks.rb:29:in `block in call'
  activesupport (4.0.2) lib/active_support/callbacks.rb:373:in `_run__3910573391420465498__call__callbacks'
  activesupport (4.0.2) lib/active_support/callbacks.rb:80:in `run_callbacks'
  actionpack (4.0.2) lib/action_dispatch/middleware/callbacks.rb:27:in `call'
  actionpack (4.0.2) lib/action_dispatch/middleware/reloader.rb:64:in `call'
  actionpack (4.0.2) lib/action_dispatch/middleware/remote_ip.rb:76:in `call'
  better_errors (1.0.1) lib/better_errors/middleware.rb:84:in `protected_app_call'
  better_errors (1.0.1) lib/better_errors/middleware.rb:79:in `better_errors_call'
  better_errors (1.0.1) lib/better_errors/middleware.rb:56:in `call'
  actionpack (4.0.2) lib/action_dispatch/middleware/debug_exceptions.rb:17:in `call'
  actionpack (4.0.2) lib/action_dispatch/middleware/show_exceptions.rb:30:in `call'
  railties (4.0.2) lib/rails/rack/logger.rb:38:in `call_app'
  railties (4.0.2) lib/rails/rack/logger.rb:20:in `block in call'
  activesupport (4.0.2) lib/active_support/tagged_logging.rb:67:in `block in tagged'
  activesupport (4.0.2) lib/active_support/tagged_logging.rb:25:in `tagged'
  activesupport (4.0.2) lib/active_support/tagged_logging.rb:67:in `tagged'
  railties (4.0.2) lib/rails/rack/logger.rb:20:in `call'
  quiet_assets (1.0.2) lib/quiet_assets.rb:18:in `call_with_quiet_assets'
  actionpack (4.0.2) lib/action_dispatch/middleware/request_id.rb:21:in `call'
  rack (1.5.2) lib/rack/methodoverride.rb:21:in `call'
  rack (1.5.2) lib/rack/runtime.rb:17:in `call'
  activesupport (4.0.2) lib/active_support/cache/strategy/local_cache.rb:83:in `call'
  rack (1.5.2) lib/rack/lock.rb:17:in `call'
  actionpack (4.0.2) lib/action_dispatch/middleware/static.rb:64:in `call'
  rack (1.5.2) lib/rack/sendfile.rb:112:in `call'
  railties (4.0.2) lib/rails/engine.rb:511:in `call'
  railties (4.0.2) lib/rails/application.rb:97:in `call'
  rack (1.5.2) lib/rack/lock.rb:17:in `call'
  rack (1.5.2) lib/rack/content_length.rb:14:in `call'
  rack (1.5.2) lib/rack/handler/webrick.rb:60:in `service'
  /Users/mas210/.rvm/rubies/ruby-2.1.0/lib/ruby/2.1.0/webrick/httpserver.rb:138:in `service'
  /Users/mas210/.rvm/rubies/ruby-2.1.0/lib/ruby/2.1.0/webrick/httpserver.rb:94:in `run'
  /Users/mas210/.rvm/rubies/ruby-2.1.0/lib/ruby/2.1.0/webrick/server.rb:295:in `block in start_thread'



Started POST "/__better_errors/2156556740/variables" for 127.0.0.1 at 2014-02-27 19:03:12 -0600


Started GET "/" for 127.0.0.1 at 2014-02-27 19:38:21 -0600

ActiveRecord::PendingMigrationError - Migrations are pending; run 'bin/rake db:migrate RAILS_ENV=development' to resolve this issue.:
  activerecord (4.0.2) lib/active_record/migration.rb:379:in `check_pending!'
  activerecord (4.0.2) lib/active_record/migration.rb:366:in `call'
  actionpack (4.0.2) lib/action_dispatch/middleware/callbacks.rb:29:in `block in call'
  activesupport (4.0.2) lib/active_support/callbacks.rb:373:in `_run__474520359855937877__call__callbacks'
  activesupport (4.0.2) lib/active_support/callbacks.rb:80:in `run_callbacks'
  actionpack (4.0.2) lib/action_dispatch/middleware/callbacks.rb:27:in `call'
  actionpack (4.0.2) lib/action_dispatch/middleware/reloader.rb:64:in `call'
  actionpack (4.0.2) lib/action_dispatch/middleware/remote_ip.rb:76:in `call'
  better_errors (1.0.1) lib/better_errors/middleware.rb:84:in `protected_app_call'
  better_errors (1.0.1) lib/better_errors/middleware.rb:79:in `better_errors_call'
  better_errors (1.0.1) lib/better_errors/middleware.rb:56:in `call'
  actionpack (4.0.2) lib/action_dispatch/middleware/debug_exceptions.rb:17:in `call'
  actionpack (4.0.2) lib/action_dispatch/middleware/show_exceptions.rb:30:in `call'
  railties (4.0.2) lib/rails/rack/logger.rb:38:in `call_app'
  railties (4.0.2) lib/rails/rack/logger.rb:20:in `block in call'
  activesupport (4.0.2) lib/active_support/tagged_logging.rb:67:in `block in tagged'
  activesupport (4.0.2) lib/active_support/tagged_logging.rb:25:in `tagged'
  activesupport (4.0.2) lib/active_support/tagged_logging.rb:67:in `tagged'
  railties (4.0.2) lib/rails/rack/logger.rb:20:in `call'
  quiet_assets (1.0.2) lib/quiet_assets.rb:18:in `call_with_quiet_assets'
  actionpack (4.0.2) lib/action_dispatch/middleware/request_id.rb:21:in `call'
  rack (1.5.2) lib/rack/methodoverride.rb:21:in `call'
  rack (1.5.2) lib/rack/runtime.rb:17:in `call'
  activesupport (4.0.2) lib/active_support/cache/strategy/local_cache.rb:83:in `call'
  rack (1.5.2) lib/rack/lock.rb:17:in `call'
  actionpack (4.0.2) lib/action_dispatch/middleware/static.rb:64:in `call'
  rack (1.5.2) lib/rack/sendfile.rb:112:in `call'
  railties (4.0.2) lib/rails/engine.rb:511:in `call'
  railties (4.0.2) lib/rails/application.rb:97:in `call'
  rack (1.5.2) lib/rack/lock.rb:17:in `call'
  rack (1.5.2) lib/rack/content_length.rb:14:in `call'
  rack (1.5.2) lib/rack/handler/webrick.rb:60:in `service'
  /Users/mas210/.rvm/rubies/ruby-2.1.0/lib/ruby/2.1.0/webrick/httpserver.rb:138:in `service'
  /Users/mas210/.rvm/rubies/ruby-2.1.0/lib/ruby/2.1.0/webrick/httpserver.rb:94:in `run'
  /Users/mas210/.rvm/rubies/ruby-2.1.0/lib/ruby/2.1.0/webrick/server.rb:295:in `block in start_thread'



Started POST "/__better_errors/2169931900/variables" for 127.0.0.1 at 2014-02-27 19:38:22 -0600
  [1m[36m (1.1ms)[0m  [1mCREATE TABLE "schema_migrations" ("version" varchar(255) NOT NULL) [0m
  [1m[35m (0.9ms)[0m  CREATE UNIQUE INDEX "unique_schema_migrations" ON "schema_migrations" ("version")
  [1m[36mActiveRecord::SchemaMigration Load (0.1ms)[0m  [1mSELECT "schema_migrations".* FROM "schema_migrations"[0m
Migrating to CreateUsers (20140226004656)
  [1m[35m (0.0ms)[0m  begin transaction
  [1m[36m (0.3ms)[0m  [1mCREATE TABLE "users" ("id" INTEGER PRIMARY KEY AUTOINCREMENT NOT NULL, "email" varchar(255), "password" varchar(255), "name" varchar(255), "created_at" datetime, "updated_at" datetime) [0m
  [1m[35mSQL (0.1ms)[0m  INSERT INTO "schema_migrations" ("version") VALUES (?)  [["version", "20140226004656"]]
  [1m[36m (0.9ms)[0m  [1mcommit transaction[0m
Migrating to AddPasswordToUser (20140226015920)
  [1m[35m (0.1ms)[0m  begin transaction
  [1m[36m (0.4ms)[0m  [1mALTER TABLE "users" ADD "password_digest" varchar(255)[0m
  [1m[35m (0.5ms)[0m  CREATE TEMPORARY TABLE "ausers" ("id" INTEGER PRIMARY KEY AUTOINCREMENT NOT NULL, "email" varchar(255), "password" varchar(255), "name" varchar(255), "created_at" datetime, "updated_at" datetime, "password_digest" varchar(255)) 
  [1m[36m (0.1ms)[0m  [1mSELECT * FROM "users"[0m
  [1m[35m (0.5ms)[0m  DROP TABLE "users"
  [1m[36m (0.1ms)[0m  [1mCREATE TABLE "users" ("id" INTEGER PRIMARY KEY AUTOINCREMENT NOT NULL, "email" varchar(255), "name" varchar(255), "created_at" datetime, "updated_at" datetime, "password_digest" varchar(255)) [0m
  [1m[35m (0.0ms)[0m  SELECT * FROM "ausers"
  [1m[36m (0.2ms)[0m  [1mDROP TABLE "ausers"[0m
  [1m[35mSQL (0.1ms)[0m  INSERT INTO "schema_migrations" ("version") VALUES (?)  [["version", "20140226015920"]]
  [1m[36m (1.0ms)[0m  [1mcommit transaction[0m
  [1m[35mActiveRecord::SchemaMigration Load (0.1ms)[0m  SELECT "schema_migrations".* FROM "schema_migrations"


Started GET "/" for 127.0.0.1 at 2014-02-27 19:39:23 -0600
  [1m[36mActiveRecord::SchemaMigration Load (0.1ms)[0m  [1mSELECT "schema_migrations".* FROM "schema_migrations"[0m
Processing by PagesController#home as HTML
  [1m[35mUser Load (0.2ms)[0m  SELECT "users".* FROM "users" WHERE "users"."id" IS NULL LIMIT 1
  Rendered pages/home.html.erb within layouts/application (2.0ms)
Completed 200 OK in 899ms (Views: 868.1ms | ActiveRecord: 0.2ms)


Started GET "/foods" for 127.0.0.1 at 2014-02-27 19:39:31 -0600
Processing by PagesController#foods as HTML
Redirected to http://0.0.0.0:5001/
Filter chain halted as :require_login rendered or redirected
Completed 302 Found in 1ms (ActiveRecord: 0.0ms)


Started GET "/" for 127.0.0.1 at 2014-02-27 19:39:31 -0600
Processing by PagesController#home as HTML
  [1m[36mUser Load (3.7ms)[0m  [1mSELECT "users".* FROM "users" WHERE "users"."id" IS NULL LIMIT 1[0m
  Rendered pages/home.html.erb within layouts/application (0.7ms)
Completed 200 OK in 13ms (Views: 8.3ms | ActiveRecord: 3.7ms)


Started GET "/sports" for 127.0.0.1 at 2014-02-27 19:39:31 -0600
Processing by PagesController#sports as HTML
Redirected to http://0.0.0.0:5001/
Filter chain halted as :require_login rendered or redirected
Completed 302 Found in 1ms (ActiveRecord: 0.0ms)


Started GET "/" for 127.0.0.1 at 2014-02-27 19:39:31 -0600
Processing by PagesController#home as HTML
  [1m[35mUser Load (0.4ms)[0m  SELECT "users".* FROM "users" WHERE "users"."id" IS NULL LIMIT 1
  Rendered pages/home.html.erb within layouts/application (0.2ms)
Completed 200 OK in 8ms (Views: 6.4ms | ActiveRecord: 0.4ms)


Started GET "/places" for 127.0.0.1 at 2014-02-27 19:39:32 -0600
Processing by PagesController#places as HTML
Redirected to http://0.0.0.0:5001/
Filter chain halted as :require_login rendered or redirected
Completed 302 Found in 1ms (ActiveRecord: 0.0ms)


Started GET "/" for 127.0.0.1 at 2014-02-27 19:39:32 -0600
Processing by PagesController#home as HTML
  [1m[36mUser Load (0.1ms)[0m  [1mSELECT "users".* FROM "users" WHERE "users"."id" IS NULL LIMIT 1[0m
  Rendered pages/home.html.erb within layouts/application (0.0ms)
Completed 200 OK in 6ms (Views: 5.0ms | ActiveRecord: 0.1ms)


Started GET "/users/new" for 127.0.0.1 at 2014-02-27 19:39:34 -0600
Processing by UsersController#new as HTML
  Rendered users/new.html.erb within layouts/application (1.5ms)
Completed 200 OK in 9ms (Views: 8.3ms | ActiveRecord: 0.0ms)


Started GET "/sessions/new" for 127.0.0.1 at 2014-02-27 19:39:35 -0600
Processing by SessionsController#new as HTML
  Rendered sessions/new.html.erb within layouts/application (3.0ms)
Completed 200 OK in 10ms (Views: 9.4ms | ActiveRecord: 0.0ms)


Started GET "/sports" for 127.0.0.1 at 2014-02-27 19:39:35 -0600
Processing by PagesController#sports as HTML
Redirected to http://0.0.0.0:5001/
Filter chain halted as :require_login rendered or redirected
Completed 302 Found in 1ms (ActiveRecord: 0.0ms)


Started GET "/" for 127.0.0.1 at 2014-02-27 19:39:35 -0600
Processing by PagesController#home as HTML
  [1m[35mUser Load (0.2ms)[0m  SELECT "users".* FROM "users" WHERE "users"."id" IS NULL LIMIT 1
  Rendered pages/home.html.erb within layouts/application (0.0ms)
Completed 200 OK in 6ms (Views: 4.9ms | ActiveRecord: 0.2ms)


Started GET "/" for 127.0.0.1 at 2014-02-27 19:39:36 -0600
Processing by PagesController#home as HTML
  [1m[36mUser Load (0.1ms)[0m  [1mSELECT "users".* FROM "users" WHERE "users"."id" IS NULL LIMIT 1[0m
  Rendered pages/home.html.erb within layouts/application (0.0ms)
Completed 200 OK in 5ms (Views: 4.4ms | ActiveRecord: 0.1ms)


Started GET "/foods" for 127.0.0.1 at 2014-02-27 19:39:52 -0600
Processing by PagesController#foods as HTML
Redirected to http://0.0.0.0:5001/
Filter chain halted as :require_login rendered or redirected
Completed 302 Found in 1ms (ActiveRecord: 0.0ms)


Started GET "/" for 127.0.0.1 at 2014-02-27 19:39:52 -0600
Processing by PagesController#home as HTML
  [1m[35mUser Load (0.4ms)[0m  SELECT "users".* FROM "users" WHERE "users"."id" IS NULL LIMIT 1
  Rendered pages/home.html.erb within layouts/application (0.0ms)
Completed 200 OK in 7ms (Views: 5.2ms | ActiveRecord: 0.4ms)


Started GET "/places" for 127.0.0.1 at 2014-02-27 19:39:53 -0600
Processing by PagesController#places as HTML
Redirected to http://0.0.0.0:5001/
Filter chain halted as :require_login rendered or redirected
Completed 302 Found in 1ms (ActiveRecord: 0.0ms)


Started GET "/" for 127.0.0.1 at 2014-02-27 19:39:53 -0600
Processing by PagesController#home as HTML
  [1m[36mUser Load (0.2ms)[0m  [1mSELECT "users".* FROM "users" WHERE "users"."id" IS NULL LIMIT 1[0m
  Rendered pages/home.html.erb within layouts/application (0.0ms)
Completed 200 OK in 8ms (Views: 6.3ms | ActiveRecord: 0.2ms)


Started GET "/sports" for 127.0.0.1 at 2014-02-27 19:39:53 -0600
Processing by PagesController#sports as HTML
Redirected to http://0.0.0.0:5001/
Filter chain halted as :require_login rendered or redirected
Completed 302 Found in 2ms (ActiveRecord: 0.0ms)


Started GET "/" for 127.0.0.1 at 2014-02-27 19:39:53 -0600
Processing by PagesController#home as HTML
  [1m[35mUser Load (0.3ms)[0m  SELECT "users".* FROM "users" WHERE "users"."id" IS NULL LIMIT 1
  Rendered pages/home.html.erb within layouts/application (0.1ms)
Completed 200 OK in 12ms (Views: 9.5ms | ActiveRecord: 0.3ms)


Started GET "/users/new" for 127.0.0.1 at 2014-02-27 19:39:54 -0600
Processing by UsersController#new as HTML
  Rendered users/new.html.erb within layouts/application (0.6ms)
Completed 200 OK in 5ms (Views: 4.8ms | ActiveRecord: 0.0ms)


Started GET "/places" for 127.0.0.1 at 2014-02-27 19:39:55 -0600
Processing by PagesController#places as HTML
Redirected to http://0.0.0.0:5001/
Filter chain halted as :require_login rendered or redirected
Completed 302 Found in 1ms (ActiveRecord: 0.0ms)


Started GET "/" for 127.0.0.1 at 2014-02-27 19:39:55 -0600
Processing by PagesController#home as HTML
  [1m[36mUser Load (0.2ms)[0m  [1mSELECT "users".* FROM "users" WHERE "users"."id" IS NULL LIMIT 1[0m
  Rendered pages/home.html.erb within layouts/application (0.1ms)
Completed 200 OK in 6ms (Views: 4.8ms | ActiveRecord: 0.2ms)


Started GET "/sessions/new" for 127.0.0.1 at 2014-02-27 19:39:56 -0600
Processing by SessionsController#new as HTML
  Rendered sessions/new.html.erb within layouts/application (0.7ms)
Completed 200 OK in 8ms (Views: 7.6ms | ActiveRecord: 0.0ms)


Started GET "/users/new" for 127.0.0.1 at 2014-02-27 19:42:42 -0600
Processing by UsersController#new as HTML
  Rendered users/new.html.erb within layouts/application (1.3ms)
Completed 200 OK in 10ms (Views: 8.8ms | ActiveRecord: 0.0ms)


Started POST "/users" for 127.0.0.1 at 2014-02-27 19:42:48 -0600
Processing by UsersController#create as HTML
  Parameters: {"utf8"=>"✓", "authenticity_token"=>"eC42rwFtvWTA0JQGdlwqgAJzCglLI4J5UpKYrjcIXfg=", "name"=>"Melissa", "email"=>"melissa@example.com", "password"=>"[FILTERED]", "password_confirmation"=>"[FILTERED]", "commit"=>"Sign Me Up!"}
  [1m[35m (0.2ms)[0m  begin transaction
Binary data inserted for `string` type on column `password_digest`
  [1m[36mSQL (5.8ms)[0m  [1mINSERT INTO "users" ("created_at", "email", "name", "password_digest", "updated_at") VALUES (?, ?, ?, ?, ?)[0m  [["created_at", Fri, 28 Feb 2014 01:42:48 UTC +00:00], ["email", "melissa@example.com"], ["name", "Melissa"], ["password_digest", "$2a$10$rO5UMUlqK5UDbq/Y85qj7uMHIWibjbXIKoEaZWtzxOP2MewzJpHFq"], ["updated_at", Fri, 28 Feb 2014 01:42:48 UTC +00:00]]
  [1m[35m (0.6ms)[0m  commit transaction
Redirected to http://0.0.0.0:5001/
Completed 302 Found in 83ms (ActiveRecord: 7.0ms)


Started GET "/" for 127.0.0.1 at 2014-02-27 19:42:48 -0600
Processing by PagesController#home as HTML
  [1m[36mUser Load (0.2ms)[0m  [1mSELECT "users".* FROM "users" WHERE "users"."id" = 1 LIMIT 1[0m
  Rendered pages/home.html.erb within layouts/application (0.1ms)
  [1m[35mUser Load (0.4ms)[0m  SELECT "users".* FROM "users" WHERE "users"."id" = ? LIMIT 1  [["id", 1]]
Completed 200 OK in 10ms (Views: 7.7ms | ActiveRecord: 0.6ms)
